<?xml version="1.0" encoding="UTF-8"?>
<testsuite name="com.example.sampledata.SampleDataApplicationTests" tests="1" skipped="0" failures="0" errors="0" timestamp="2024-07-25T08:06:04" hostname="DESKTOP-B02UJI2" time="0.557">
  <properties/>
  <testcase name="contextLoads()" classname="com.example.sampledata.SampleDataApplicationTests" time="0.557"/>
  <system-out><![CDATA[17:06:02.738 [Test worker] INFO org.springframework.test.context.support.AnnotationConfigContextLoaderUtils -- Could not detect default configuration classes for test class [com.example.sampledata.SampleDataApplicationTests]: SampleDataApplicationTests does not declare any static, non-private, non-final, nested classes annotated with @Configuration.
17:06:02.809 [Test worker] INFO org.springframework.boot.test.context.SpringBootTestContextBootstrapper -- Found @SpringBootConfiguration com.example.sampledata.SampleDataApplication for test class com.example.sampledata.SampleDataApplicationTests

  .   ____          _            __ _ _
 /\\ / ___'_ __ _ _(_)_ __  __ _ \ \ \ \
( ( )\___ | '_ | '_| | '_ \/ _` | \ \ \ \
 \\/  ___)| |_)| | | | | || (_| |  ) ) ) )
  '  |____| .__|_| |_|_| |_\__, | / / / /
 =========|_|==============|___/=/_/_/_/

 :: Spring Boot ::                (v3.3.2)

2024-07-25T17:06:03.122+09:00  INFO 23032 --- [    Test worker] c.e.s.SampleDataApplicationTests         : Starting SampleDataApplicationTests using Java 21.0.4 with PID 23032 (started by 정다혜 in C:\Users\정다혜\IdeaProjects\sampleData)
2024-07-25T17:06:03.123+09:00  INFO 23032 --- [    Test worker] c.e.s.SampleDataApplicationTests         : No active profile set, falling back to 1 default profile: "default"
2024-07-25T17:06:04.303+09:00  INFO 23032 --- [    Test worker] o.s.b.a.e.web.EndpointLinksResolver      : Exposing 1 endpoint beneath base path '/actuator'
2024-07-25T17:06:04.345+09:00  INFO 23032 --- [    Test worker] c.e.s.SampleDataApplicationTests         : Started SampleDataApplicationTests in 1.425 seconds (process running for 2.234)
]]></system-out>
  <system-err><![CDATA[WARNING: A Java agent has been loaded dynamically (C:\Users\d´???\.gradle\caches\modules-2\files-2.1\net.bytebuddy\byte-buddy-agent\1.14.18\417558ea01fe9f0e8a94af28b9469d281c4e3984\byte-buddy-agent-1.14.18.ja)
WARNING: If a serviceability tool is in use, please run with -XX:+EnableDynamicAgentLoading to hide this warning
WARNING: If a serviceability tool is not in use, please run with -Djdk.instrument.traceUsage for more information
WARNING: Dynamic loading of agents will be disallowed by default in a future release
]]></system-err>
</testsuite>
